\BOOKMARK [1][-]{section.1}{Explanation}{}% 1
\BOOKMARK [1][-]{section.2}{File layout and paths}{}% 2
\BOOKMARK [1][-]{section.3}{Configuration}{}% 3
\BOOKMARK [2][-]{subsection.3.1}{Autocompletions}{section.3}% 4
\BOOKMARK [3][-]{subsubsection.3.1.1}{Company \(autocompletion framework\)}{subsection.3.1}% 5
\BOOKMARK [3][-]{subsubsection.3.1.2}{Electric pairing}{subsection.3.1}% 6
\BOOKMARK [3][-]{subsubsection.3.1.3}{IDO autocomplete filename searches}{subsection.3.1}% 7
\BOOKMARK [3][-]{subsubsection.3.1.4}{Yassnippet}{subsection.3.1}% 8
\BOOKMARK [2][-]{subsection.3.2}{Buffers}{section.3}% 9
\BOOKMARK [3][-]{subsubsection.3.2.1}{Buffer-move}{subsection.3.2}% 10
\BOOKMARK [3][-]{subsubsection.3.2.2}{Ibuffer}{subsection.3.2}% 11
\BOOKMARK [3][-]{subsubsection.3.2.3}{Killing buffers}{subsection.3.2}% 12
\BOOKMARK [3][-]{subsubsection.3.2.4}{Narrowing}{subsection.3.2}% 13
\BOOKMARK [3][-]{subsubsection.3.2.5}{Switch to previous buffer}{subsection.3.2}% 14
\BOOKMARK [3][-]{subsubsection.3.2.6}{switchwindow}{subsection.3.2}% 15
\BOOKMARK [3][-]{subsubsection.3.2.7}{Toggle fullscreen buffer}{subsection.3.2}% 16
\BOOKMARK [3][-]{subsubsection.3.2.8}{window splitting function}{subsection.3.2}% 17
\BOOKMARK [2][-]{subsection.3.3}{Custom functions}{section.3}% 18
\BOOKMARK [3][-]{subsubsection.3.3.1}{Backup files}{subsection.3.3}% 19
\BOOKMARK [3][-]{subsubsection.3.3.2}{Edit and reload config}{subsection.3.3}% 20
\BOOKMARK [2][-]{subsection.3.4}{Custom keystrokes}{section.3}% 21
\BOOKMARK [2][-]{subsection.3.5}{Exporting}{section.3}% 22
\BOOKMARK [3][-]{subsubsection.3.5.1}{Org to latex blank lines}{subsection.3.5}% 23
\BOOKMARK [3][-]{subsubsection.3.5.2}{Export to word}{subsection.3.5}% 24
\BOOKMARK [3][-]{subsubsection.3.5.3}{Reveal.js}{subsection.3.5}% 25
\BOOKMARK [3][-]{subsubsection.3.5.4}{Export to subdirectory}{subsection.3.5}% 26
\BOOKMARK [3][-]{subsubsection.3.5.5}{Beamer}{subsection.3.5}% 27
\BOOKMARK [2][-]{subsection.3.6}{Gimmicks}{section.3}% 28
\BOOKMARK [3][-]{subsubsection.3.6.1}{Transparency}{subsection.3.6}% 29
\BOOKMARK [2][-]{subsection.3.7}{Navigation}{section.3}% 30
\BOOKMARK [3][-]{subsubsection.3.7.1}{avy}{subsection.3.7}% 31
\BOOKMARK [3][-]{subsubsection.3.7.2}{Multiple Cursors}{subsection.3.7}% 32
\BOOKMARK [2][-]{subsection.3.8}{Org}{section.3}% 33
\BOOKMARK [3][-]{subsubsection.3.8.1}{Org-bullets}{subsection.3.8}% 34
\BOOKMARK [3][-]{subsubsection.3.8.2}{Writing improvements}{subsection.3.8}% 35
\BOOKMARK [3][-]{subsubsection.3.8.3}{Image size}{subsection.3.8}% 36
\BOOKMARK [3][-]{subsubsection.3.8.4}{Org-babel}{subsection.3.8}% 37
\BOOKMARK [2][-]{subsection.3.9}{Standards \(minor modes and minor improvements\)}{section.3}% 38
\BOOKMARK [3][-]{subsubsection.3.9.1}{Alter annoying defaults}{subsection.3.9}% 39
\BOOKMARK [3][-]{subsubsection.3.9.2}{Hungry-delete}{subsection.3.9}% 40
\BOOKMARK [3][-]{subsubsection.3.9.3}{Minor modes}{subsection.3.9}% 41
\BOOKMARK [3][-]{subsubsection.3.9.4}{Popup kill-ring}{subsection.3.9}% 42
\BOOKMARK [3][-]{subsubsection.3.9.5}{Which key}{subsection.3.9}% 43
\BOOKMARK [3][-]{subsubsection.3.9.6}{TODOS}{subsection.3.9}% 44
\BOOKMARK [2][-]{subsection.3.10}{Try package}{section.3}% 45
\BOOKMARK [2][-]{subsection.3.11}{Visual}{section.3}% 46
\BOOKMARK [3][-]{subsubsection.3.11.1}{Beacon}{subsection.3.11}% 47
\BOOKMARK [3][-]{subsubsection.3.11.2}{rainbow}{subsection.3.11}% 48
\BOOKMARK [3][-]{subsubsection.3.11.3}{Doom theme}{subsection.3.11}% 49
\BOOKMARK [3][-]{subsubsection.3.11.4}{all-the-icons}{subsection.3.11}% 50
\BOOKMARK [1][-]{section.4}{Shortcuts}{}% 51
