This is pdfTeX, Version 3.14159265-2.6-1.40.21 (TeX Live 2020) (preloaded format=pdflatex 2020.4.7)  10 OCT 2020 12:31
entering extended mode
 \write18 enabled.
 %&-line parsing enabled.
**exported-org-files/config.tex
(./exported-org-files/config.tex
LaTeX2e <2020-02-02> patch level 5
L3 programming layer <2020-03-06>
(/usr/local/texlive/2020/texmf-dist/tex/latex/base/article.cls
Document Class: article 2019/12/20 v1.4l Standard LaTeX document class
(/usr/local/texlive/2020/texmf-dist/tex/latex/base/size11.clo
File: size11.clo 2019/12/20 v1.4l Standard LaTeX file (size option)
)
\c@part=\count167
\c@section=\count168
\c@subsection=\count169
\c@subsubsection=\count170
\c@paragraph=\count171
\c@subparagraph=\count172
\c@figure=\count173
\c@table=\count174
\abovecaptionskip=\skip47
\belowcaptionskip=\skip48
\bibindent=\dimen134
)
(/usr/local/texlive/2020/texmf-dist/tex/latex/base/inputenc.sty
Package: inputenc 2018/08/11 v1.3c Input encoding file
\inpenc@prehook=\toks15
\inpenc@posthook=\toks16
)
(/usr/local/texlive/2020/texmf-dist/tex/latex/base/fontenc.sty
Package: fontenc 2020/02/11 v2.0o Standard LaTeX package
)
(/usr/local/texlive/2020/texmf-dist/tex/latex/graphics/graphicx.sty
Package: graphicx 2019/11/30 v1.2a Enhanced LaTeX Graphics (DPC,SPQR)

(/usr/local/texlive/2020/texmf-dist/tex/latex/graphics/keyval.sty
Package: keyval 2014/10/28 v1.15 key=value parser (DPC)
\KV@toks@=\toks17
)
(/usr/local/texlive/2020/texmf-dist/tex/latex/graphics/graphics.sty
Package: graphics 2019/11/30 v1.4a Standard LaTeX Graphics (DPC,SPQR)

(/usr/local/texlive/2020/texmf-dist/tex/latex/graphics/trig.sty
Package: trig 2016/01/03 v1.10 sin cos tan (DPC)
)
(/usr/local/texlive/2020/texmf-dist/tex/latex/graphics-cfg/graphics.cfg
File: graphics.cfg 2016/06/04 v1.11 sample graphics configuration
)
Package graphics Info: Driver file: pdftex.def on input line 105.

(/usr/local/texlive/2020/texmf-dist/tex/latex/graphics-def/pdftex.def
File: pdftex.def 2018/01/08 v1.0l Graphics/color driver for pdftex
))
\Gin@req@height=\dimen135
\Gin@req@width=\dimen136
)
(/usr/local/texlive/2020/texmf-dist/tex/latex/grffile/grffile.sty
Package: grffile 2019/11/11 v2.1 Extended file name support for graphics (legac
y)
Package grffile Info: This package is an empty stub for compatibility on input 
line 40.
)
(/usr/local/texlive/2020/texmf-dist/tex/latex/tools/longtable.sty
Package: longtable 2020/01/07 v4.13 Multi-page Table package (DPC)
\LTleft=\skip49
\LTright=\skip50
\LTpre=\skip51
\LTpost=\skip52
\LTchunksize=\count175
\LTcapwidth=\dimen137
\LT@head=\box45
\LT@firsthead=\box46
\LT@foot=\box47
\LT@lastfoot=\box48
\LT@cols=\count176
\LT@rows=\count177
\c@LT@tables=\count178
\c@LT@chunks=\count179
\LT@p@ftn=\toks18
)
(/usr/local/texlive/2020/texmf-dist/tex/latex/wrapfig/wrapfig.sty
\wrapoverhang=\dimen138
\WF@size=\dimen139
\c@WF@wrappedlines=\count180
\WF@box=\box49
\WF@everypar=\toks19
Package: wrapfig 2003/01/31  v 3.6
)
(/usr/local/texlive/2020/texmf-dist/tex/latex/graphics/rotating.sty
Package: rotating 2016/08/11 v2.16d rotated objects in LaTeX

(/usr/local/texlive/2020/texmf-dist/tex/latex/base/ifthen.sty
Package: ifthen 2014/09/29 v1.1c Standard LaTeX ifthen package (DPC)
)
\c@r@tfl@t=\count181
\rotFPtop=\skip53
\rotFPbot=\skip54
\rot@float@box=\box50
\rot@mess@toks=\toks20
)
(/usr/local/texlive/2020/texmf-dist/tex/generic/ulem/ulem.sty
\UL@box=\box51
\UL@hyphenbox=\box52
\UL@skip=\skip55
\UL@hook=\toks21
\UL@height=\dimen140
\UL@pe=\count182
\UL@pixel=\dimen141
\ULC@box=\box53
Package: ulem 2019/11/18
\ULdepth=\dimen142
)
(/usr/local/texlive/2020/texmf-dist/tex/latex/amsmath/amsmath.sty
Package: amsmath 2020/01/20 v2.17e AMS math features
\@mathmargin=\skip56

For additional information on amsmath, use the `?' option.
(/usr/local/texlive/2020/texmf-dist/tex/latex/amsmath/amstext.sty
Package: amstext 2000/06/29 v2.01 AMS text

(/usr/local/texlive/2020/texmf-dist/tex/latex/amsmath/amsgen.sty
File: amsgen.sty 1999/11/30 v2.0 generic functions
\@emptytoks=\toks22
\ex@=\dimen143
))
(/usr/local/texlive/2020/texmf-dist/tex/latex/amsmath/amsbsy.sty
Package: amsbsy 1999/11/29 v1.2d Bold Symbols
\pmbraise@=\dimen144
)
(/usr/local/texlive/2020/texmf-dist/tex/latex/amsmath/amsopn.sty
Package: amsopn 2016/03/08 v2.02 operator names
)
\inf@bad=\count183
LaTeX Info: Redefining \frac on input line 227.
\uproot@=\count184
\leftroot@=\count185
LaTeX Info: Redefining \overline on input line 389.
\classnum@=\count186
\DOTSCASE@=\count187
LaTeX Info: Redefining \ldots on input line 486.
LaTeX Info: Redefining \dots on input line 489.
LaTeX Info: Redefining \cdots on input line 610.
\Mathstrutbox@=\box54
\strutbox@=\box55
\big@size=\dimen145
LaTeX Font Info:    Redeclaring font encoding OML on input line 733.
LaTeX Font Info:    Redeclaring font encoding OMS on input line 734.
\macc@depth=\count188
\c@MaxMatrixCols=\count189
\dotsspace@=\muskip16
\c@parentequation=\count190
\dspbrk@lvl=\count191
\tag@help=\toks23
\row@=\count192
\column@=\count193
\maxfields@=\count194
\andhelp@=\toks24
\eqnshift@=\dimen146
\alignsep@=\dimen147
\tagshift@=\dimen148
\tagwidth@=\dimen149
\totwidth@=\dimen150
\lineht@=\dimen151
\@envbody=\toks25
\multlinegap=\skip57
\multlinetaggap=\skip58
\mathdisplay@stack=\toks26
LaTeX Info: Redefining \[ on input line 2859.
LaTeX Info: Redefining \] on input line 2860.
)
(/usr/local/texlive/2020/texmf-dist/tex/latex/base/textcomp.sty
Package: textcomp 2020/02/02 v2.0n Standard LaTeX package
)
(/usr/local/texlive/2020/texmf-dist/tex/latex/amsfonts/amssymb.sty
Package: amssymb 2013/01/14 v3.01 AMS font symbols

(/usr/local/texlive/2020/texmf-dist/tex/latex/amsfonts/amsfonts.sty
Package: amsfonts 2013/01/14 v3.01 Basic AMSFonts support
\symAMSa=\mathgroup4
\symAMSb=\mathgroup5
LaTeX Font Info:    Redeclaring math symbol \hbar on input line 98.
LaTeX Font Info:    Overwriting math alphabet `\mathfrak' in version `bold'
(Font)                  U/euf/m/n --> U/euf/b/n on input line 106.
))
(/usr/local/texlive/2020/texmf-dist/tex/latex/capt-of/capt-of.sty
Package: capt-of 2009/12/29 v0.2 standard captions outside of floats
)
(/usr/local/texlive/2020/texmf-dist/tex/latex/hyperref/hyperref.sty
Package: hyperref 2020/01/14 v7.00d Hypertext links for LaTeX

(/usr/local/texlive/2020/texmf-dist/tex/generic/ltxcmds/ltxcmds.sty
Package: ltxcmds 2019/12/15 v1.24 LaTeX kernel commands for general use (HO)
)
(/usr/local/texlive/2020/texmf-dist/tex/generic/iftex/iftex.sty
Package: iftex 2020/03/06 v1.0d TeX engine tests
)
(/usr/local/texlive/2020/texmf-dist/tex/latex/pdftexcmds/pdftexcmds.sty
Package: pdftexcmds 2019/11/24 v0.31 Utility functions of pdfTeX for LuaTeX (HO
)

(/usr/local/texlive/2020/texmf-dist/tex/generic/infwarerr/infwarerr.sty
Package: infwarerr 2019/12/03 v1.5 Providing info/warning/error messages (HO)
)
Package pdftexcmds Info: \pdf@primitive is available.
Package pdftexcmds Info: \pdf@ifprimitive is available.
Package pdftexcmds Info: \pdfdraftmode found.
)
(/usr/local/texlive/2020/texmf-dist/tex/generic/kvsetkeys/kvsetkeys.sty
Package: kvsetkeys 2019/12/15 v1.18 Key value parser (HO)
)
(/usr/local/texlive/2020/texmf-dist/tex/generic/kvdefinekeys/kvdefinekeys.sty
Package: kvdefinekeys 2019-12-19 v1.6 Define keys (HO)
)
(/usr/local/texlive/2020/texmf-dist/tex/generic/pdfescape/pdfescape.sty
Package: pdfescape 2019/12/09 v1.15 Implements pdfTeX's escape features (HO)
)
(/usr/local/texlive/2020/texmf-dist/tex/latex/hycolor/hycolor.sty
Package: hycolor 2020-01-27 v1.10 Color options for hyperref/bookmark (HO)
)
(/usr/local/texlive/2020/texmf-dist/tex/latex/letltxmacro/letltxmacro.sty
Package: letltxmacro 2019/12/03 v1.6 Let assignment for LaTeX macros (HO)
)
(/usr/local/texlive/2020/texmf-dist/tex/latex/auxhook/auxhook.sty
Package: auxhook 2019-12-17 v1.6 Hooks for auxiliary files (HO)
)
(/usr/local/texlive/2020/texmf-dist/tex/latex/kvoptions/kvoptions.sty
Package: kvoptions 2019/11/29 v3.13 Key value format for package options (HO)
)
\@linkdim=\dimen152
\Hy@linkcounter=\count195
\Hy@pagecounter=\count196

(/usr/local/texlive/2020/texmf-dist/tex/latex/hyperref/pd1enc.def
File: pd1enc.def 2020/01/14 v7.00d Hyperref: PDFDocEncoding definition (HO)
Now handling font encoding PD1 ...
... no UTF-8 mapping file for font encoding PD1
)
(/usr/local/texlive/2020/texmf-dist/tex/generic/intcalc/intcalc.sty
Package: intcalc 2019/12/15 v1.3 Expandable calculations with integers (HO)
)
(/usr/local/texlive/2020/texmf-dist/tex/generic/etexcmds/etexcmds.sty
Package: etexcmds 2019/12/15 v1.7 Avoid name clashes with e-TeX commands (HO)
)
\Hy@SavedSpaceFactor=\count197
Package hyperref Info: Hyper figures OFF on input line 4547.
Package hyperref Info: Link nesting OFF on input line 4552.
Package hyperref Info: Hyper index ON on input line 4555.
Package hyperref Info: Plain pages OFF on input line 4562.
Package hyperref Info: Backreferencing OFF on input line 4567.
Package hyperref Info: Implicit mode ON; LaTeX internals redefined.
Package hyperref Info: Bookmarks ON on input line 4800.
\c@Hy@tempcnt=\count198

(/usr/local/texlive/2020/texmf-dist/tex/latex/url/url.sty
\Urlmuskip=\muskip17
Package: url 2013/09/16  ver 3.4  Verb mode for urls, etc.
)
LaTeX Info: Redefining \url on input line 5159.
\XeTeXLinkMargin=\dimen153

(/usr/local/texlive/2020/texmf-dist/tex/generic/bitset/bitset.sty
Package: bitset 2019/12/09 v1.3 Handle bit-vector datatype (HO)

(/usr/local/texlive/2020/texmf-dist/tex/generic/bigintcalc/bigintcalc.sty
Package: bigintcalc 2019/12/15 v1.5 Expandable calculations on big integers (HO
)
))
\Fld@menulength=\count199
\Field@Width=\dimen154
\Fld@charsize=\dimen155
Package hyperref Info: Hyper figures OFF on input line 6430.
Package hyperref Info: Link nesting OFF on input line 6435.
Package hyperref Info: Hyper index ON on input line 6438.
Package hyperref Info: backreferencing OFF on input line 6445.
Package hyperref Info: Link coloring OFF on input line 6450.
Package hyperref Info: Link coloring with OCG OFF on input line 6455.
Package hyperref Info: PDF/A mode OFF on input line 6460.
LaTeX Info: Redefining \ref on input line 6500.
LaTeX Info: Redefining \pageref on input line 6504.

(/usr/local/texlive/2020/texmf-dist/tex/generic/atbegshi/atbegshi.sty
Package: atbegshi 2019/12/05 v1.19 At begin shipout hook (HO)
)
\Hy@abspage=\count266
\c@Item=\count267
\c@Hfootnote=\count268
)
Package hyperref Info: Driver (autodetected): hpdftex.

(/usr/local/texlive/2020/texmf-dist/tex/latex/hyperref/hpdftex.def
File: hpdftex.def 2020/01/14 v7.00d Hyperref driver for pdfTeX

(/usr/local/texlive/2020/texmf-dist/tex/latex/atveryend/atveryend.sty
Package: atveryend 2019-12-11 v1.11 Hooks at the very end of document (HO)
Package atveryend Info: \enddocument detected (standard20110627).
)
\Fld@listcount=\count269
\c@bookmark@seq@number=\count270

(/usr/local/texlive/2020/texmf-dist/tex/latex/rerunfilecheck/rerunfilecheck.sty
Package: rerunfilecheck 2019/12/05 v1.9 Rerun checks for auxiliary files (HO)

(/usr/local/texlive/2020/texmf-dist/tex/generic/uniquecounter/uniquecounter.sty
Package: uniquecounter 2019/12/15 v1.4 Provide unlimited unique counter (HO)
)
Package uniquecounter Info: New unique counter `rerunfilecheck' on input line 2
86.
)
\Hy@SectionHShift=\skip59
)
(/usr/local/texlive/2020/texmf-dist/tex/latex/l3backend/l3backend-pdfmode.def
File: l3backend-pdfmode.def 2020-03-12 L3 backend support: PDF mode
\l__kernel_color_stack_int=\count271
\l__pdf_internal_box=\box56
)
(./config.aux)
\openout1 = `config.aux'.

LaTeX Font Info:    Checking defaults for OML/cmm/m/it on input line 27.
LaTeX Font Info:    ... okay on input line 27.
LaTeX Font Info:    Checking defaults for OMS/cmsy/m/n on input line 27.
LaTeX Font Info:    ... okay on input line 27.
LaTeX Font Info:    Checking defaults for OT1/cmr/m/n on input line 27.
LaTeX Font Info:    ... okay on input line 27.
LaTeX Font Info:    Checking defaults for T1/cmr/m/n on input line 27.
LaTeX Font Info:    ... okay on input line 27.
LaTeX Font Info:    Checking defaults for TS1/cmr/m/n on input line 27.
LaTeX Font Info:    ... okay on input line 27.
LaTeX Font Info:    Checking defaults for OMX/cmex/m/n on input line 27.
LaTeX Font Info:    ... okay on input line 27.
LaTeX Font Info:    Checking defaults for U/cmr/m/n on input line 27.
LaTeX Font Info:    ... okay on input line 27.
LaTeX Font Info:    Checking defaults for PD1/pdf/m/n on input line 27.
LaTeX Font Info:    ... okay on input line 27.

(/usr/local/texlive/2020/texmf-dist/tex/context/base/mkii/supp-pdf.mkii
[Loading MPS to PDF converter (version 2006.09.02).]
\scratchcounter=\count272
\scratchdimen=\dimen156
\scratchbox=\box57
\nofMPsegments=\count273
\nofMParguments=\count274
\everyMPshowfont=\toks27
\MPscratchCnt=\count275
\MPscratchDim=\dimen157
\MPnumerator=\count276
\makeMPintoPDFobject=\count277
\everyMPtoPDFconversion=\toks28
) (/usr/local/texlive/2020/texmf-dist/tex/latex/epstopdf-pkg/epstopdf-base.sty
Package: epstopdf-base 2020-01-24 v2.11 Base part for package epstopdf
Package epstopdf-base Info: Redefining graphics rule for `.eps' on input line 4
85.

(/usr/local/texlive/2020/texmf-dist/tex/latex/latexconfig/epstopdf-sys.cfg
File: epstopdf-sys.cfg 2010/07/13 v1.3 Configuration of (r)epstopdf for TeX Liv
e
))
\AtBeginShipoutBox=\box58
Package hyperref Info: Link coloring OFF on input line 27.

(/usr/local/texlive/2020/texmf-dist/tex/latex/hyperref/nameref.sty
Package: nameref 2019/09/16 v2.46 Cross-referencing by name of section

(/usr/local/texlive/2020/texmf-dist/tex/latex/refcount/refcount.sty
Package: refcount 2019/12/15 v3.6 Data extraction from label references (HO)
)
(/usr/local/texlive/2020/texmf-dist/tex/generic/gettitlestring/gettitlestring.s
ty
Package: gettitlestring 2019/12/15 v1.6 Cleanup title references (HO)
)
\c@section@level=\count278
)
LaTeX Info: Redefining \ref on input line 27.
LaTeX Info: Redefining \pageref on input line 27.
LaTeX Info: Redefining \nameref on input line 27.
 (./config.out) (./config.out)
\@outlinefile=\write3
\openout3 = `config.out'.

LaTeX Font Info:    Trying to load font information for U+msa on input line 30.


(/usr/local/texlive/2020/texmf-dist/tex/latex/amsfonts/umsa.fd
File: umsa.fd 2013/01/14 v3.01 AMS symbols A
)
LaTeX Font Info:    Trying to load font information for U+msb on input line 30.


(/usr/local/texlive/2020/texmf-dist/tex/latex/amsfonts/umsb.fd
File: umsb.fd 2013/01/14 v3.01 AMS symbols B
) (./config.toc)
\tf@toc=\write4
\openout4 = `config.toc'.

LaTeX Font Info:    Trying to load font information for T1+cmtt on input line 4
6.

(/usr/local/texlive/2020/texmf-dist/tex/latex/base/t1cmtt.fd
File: t1cmtt.fd 2019/12/16 v2.5j Standard LaTeX font definitions
) [1

{/usr/local/texlive/2020/texmf-var/fonts/map/pdftex/updmap/pdftex.map}]
Overfull \hbox (58.71945pt too wide) in paragraph at lines 62--62
[]\T1/cmtt/m/n/10.95 (setq emacs-config-custom-org-file (concat emacs-dir "conf
ig_custom.org"))[] 
 []


Overfull \hbox (7.79411pt too wide) in paragraph at lines 62--62
[]\T1/cmtt/m/n/10.95 (setq org-reveal-root "http://cdn.jsdelivr.net/reveal.js/3
.0.0/")[] 
 []


Overfull \hbox (7.79411pt too wide) in paragraph at lines 62--62
[]\T1/cmtt/m/n/10.95 (setq backup-per-session (concat emacs-dir "backup/per-ses
sion"))[] 
 []


Overfull \hbox (87.0113pt too wide) in paragraph at lines 62--62
[]\T1/cmtt/m/n/10.95 (setq libre-office-path "/Applications/LibreOffice.app/Con
tents/MacOS/soffice")[] 
 []

[2] [3] [4]
Overfull \hbox (64.37782pt too wide) in paragraph at lines 198--198
[]   \T1/cmtt/m/n/10.95 Repeated invocations toggle between the two most recent
ly open buffers."[] 
 []

[5] [6]
Overfull \hbox (7.79411pt too wide) in paragraph at lines 280--280
[]      \T1/cmtt/m/n/10.95 kept-new-versions 10  ;; Number of newest versions t
o keep.[] 
 []


Overfull \hbox (7.79411pt too wide) in paragraph at lines 280--280
[]      \T1/cmtt/m/n/10.95 kept-old-versions 0   ;; Number of oldest versions t
o keep.[] 
 []


Overfull \hbox (58.71945pt too wide) in paragraph at lines 280--280
[]      \T1/cmtt/m/n/10.95 delete-old-versions t ;; Don't ask to delete excess 
backup versions.[] 
 []


Overfull \hbox (2.13574pt too wide) in paragraph at lines 280--280
[]      \T1/cmtt/m/n/10.95 backup-by-copying t  ;; Copy all files, don't rename
 them.[] 
 []


Overfull \hbox (154.91176pt too wide) in paragraph at lines 280--280
[]      \T1/cmtt/m/n/10.95 auto-save-interval 100 ;; Change interval of charact
ers to which auto-save is enabled[] 
 []


Overfull \hbox (24.76923pt too wide) in paragraph at lines 280--280
[]\T1/cmtt/m/n/10.95 (setq backup-directory-alist '(("" . "~/.emacs.d/backup/pe
r-save")))[] 
 []


Overfull \hbox (13.45248pt too wide) in paragraph at lines 280--280
[]  \T1/cmtt/m/n/10.95 ;; Make a special "per session" backup at the first save
 of each[] 
 []


Overfull \hbox (70.0362pt too wide) in paragraph at lines 280--280
[]    \T1/cmtt/m/n/10.95 (let ((backup-directory-alist '(("" . "~/.emacs.d/back
up/per-session")))[] 
 []


Overfull \hbox (36.08597pt too wide) in paragraph at lines 280--280
[]  \T1/cmtt/m/n/10.95 ;; Make a "per save" backup on each save.  The first sav
e results in[] 
 []


Overfull \hbox (24.76923pt too wide) in paragraph at lines 280--280
[]  \T1/cmtt/m/n/10.95 ;; both a per-session and a per-save backup, to keep the
 numbering[] 
 []

[7]
Overfull \hbox (7.79411pt too wide) in paragraph at lines 297--297
[]  \T1/cmtt/m/n/10.95 (org-babel-load-file (expand-file-name emacs-config-org-
file)))[] 
 []

[8]
Overfull \hbox (205.8371pt too wide) in paragraph at lines 351--351
[]\T1/cmtt/m/n/10.95 ;; Mark all entries in current selection (useful if you wa
nt to rename a variable in the whole file)[] 
 []


Overfull \hbox (58.71945pt too wide) in paragraph at lines 351--351
[]\T1/cmtt/m/n/10.95 ;; Insert numbers with increased index for exery cursor (u
seful for lists)[] 
 []

[9]
Overfull \hbox (92.66968pt too wide) in paragraph at lines 369--369
[]    \T1/cmtt/m/n/10.95 (replace-match "\n#+LATEX: \\par\\vspace{\\baselineski
p}\\noindent\n" nil t)[] 
 []


Overfull \hbox (47.40271pt too wide) in paragraph at lines 369--369
[]\T1/cmtt/m/n/10.95 (add-hook 'org-export-before-processing-hook 'my-replace-d
ouble-newline)[] 
 []


Overfull \hbox (47.40271pt too wide) in paragraph at lines 393--393
[]\T1/cmtt/m/n/10.95 ;; BTW, you can assign "pdf" in above variables if you pre
fer PDF format[] 
 []


Overfull \hbox (330.32126pt too wide) in paragraph at lines 393--393
[]  \T1/cmtt/m/n/10.95 (setq process-string "/Applications/LibreOffice.app/Cont
ents/MacOS/soffice --headless --convert-to %f%x --outdir %d %i")[] 
 []


Overfull \hbox (562.31447pt too wide) in paragraph at lines 393--393
[]      \T1/cmtt/m/n/10.95 (setq org-export-odt-convert-processes '(("LibreOffi
ce" "/Applications/LibreOffice.app/Contents/MacOS/soffice --headless --convert-
to %f%x --outdir %d %i")))[] 
 []


Overfull \hbox (534.02261pt too wide) in paragraph at lines 393--393
[]      \T1/cmtt/m/n/10.95 (setq org-odt-convert-processes '(("LibreOffice"  "/
Applications/LibreOffice.app/Contents/MacOS/soffice --headless --convert-to %f%
x --outdir %d %i"))))[] 
 []

[10]
Overfull \hbox (154.91176pt too wide) in paragraph at lines 414--414
[]\T1/cmtt/m/n/10.95 (defun org-export-output-file-name-modified (orig-fun exte
nsion &optional subtreep pub-dir)[] 
 []


Overfull \hbox (137.93665pt too wide) in paragraph at lines 414--414
[]\T1/cmtt/m/n/10.95 (advice-add 'org-export-output-file-name :around #'org-exp
ort-output-file-name-modified)[] 
 []


Overfull \hbox (47.40271pt too wide) in paragraph at lines 442--442
[]\T1/cmtt/m/n/10.95 ;;(set-frame-parameter (selected-frame) 'alpha '(<active> 
. <inactive>))[] 
 []

[11]
Overfull \hbox (251.10406pt too wide) in paragraph at lines 480--480
[]\T1/cmtt/m/n/10.95 (setq org-indent-indentation-per-level 1)             ;; S
horten the space on the left side with org headers[] 
 []


Overfull \hbox (381.2466pt too wide) in paragraph at lines 480--480
[]\T1/cmtt/m/n/10.95 (setq org-adapt-indentation nil)                      ;; A
dapt indentation to outline node level. Set to nill as it takes up space.[] 
 []


Overfull \hbox (403.88008pt too wide) in paragraph at lines 480--480
[]\T1/cmtt/m/n/10.95 (setq org-hide-emphasis-markers t)                    ;; W
hen making something bold *Hallo*, hide stars. Goes for all emphasis markers.[]
 
 []


Overfull \hbox (737.72397pt too wide) in paragraph at lines 480--480
[]\T1/cmtt/m/n/10.95 (setq org-cycle-separator-lines 1)                    ;; L
eave a single empty line between headers if there is one. Otherwise leave no ro
om or make the empty lines belong to the previous header.[] 
 []


Overfull \hbox (505.73076pt too wide) in paragraph at lines 480--480
[]\T1/cmtt/m/n/10.95 (setq org-hide-leading-stars 't)                      ;; H
ide the extra stars in front of a header (org-bullet displays nicer, but why ad
d extra package)[] 
 []


Overfull \hbox (70.0362pt too wide) in paragraph at lines 480--480
[]  \T1/cmtt/m/n/10.95 (plain-list-item . nil)))   ;; Dont randomly remove newl
ines below headers[] 
 []

[12]
Overfull \hbox (70.0362pt too wide) in paragraph at lines 509--509
[]\T1/cmtt/m/n/10.95 (setq save-interprogram-paste-before-kill t) ;; Perpetuate
s system clipboard[] 
 []


Overfull \hbox (98.32805pt too wide) in paragraph at lines 509--509
[]\T1/cmtt/m/n/10.95 (setq scroll-conservatively 1)      ;; Keep from making hu
ge jumps when scrolling[] 
 []


Overfull \hbox (30.4276pt too wide) in paragraph at lines 509--509
[]\T1/cmtt/m/n/10.95 (setq visible-bell 1)               ;; disable annoying wi
ndows sound[] 
 []


Overfull \hbox (53.06108pt too wide) in paragraph at lines 509--509
[]\T1/cmtt/m/n/10.95 (setq-default display-line-numbers 'relative) ;; Setting t
he line numbers[] 
 []


Overfull \hbox (92.66968pt too wide) in paragraph at lines 509--509
[]\T1/cmtt/m/n/10.95 (when window-system (global-hl-line-mode t)) ;; Get a curr
ent line shadow in IDE[] 
 []


Overfull \hbox (7.79411pt too wide) in paragraph at lines 509--509
[]\T1/cmtt/m/n/10.95 (defalias 'yes-or-no-p 'y-or-n-p)   ;; Replace yes questio
ns to y[] 
 []

[13]
Overfull \hbox (437.8303pt too wide) in paragraph at lines 531--531
[]\T1/cmtt/m/n/10.95 (global-auto-revert-mode 1)         ;; Make sure that you'
re always looking at the latest version of a file. Change file when changed on 
disk[] 
 []


Overfull \hbox (183.20361pt too wide) in paragraph at lines 531--531
[]\T1/cmtt/m/n/10.95 (delete-selection-mode 1)           ;; Remove text from se
lection instead of just inserting text[] 
 []


Overfull \hbox (24.76923pt too wide) in paragraph at lines 531--531
[]\T1/cmtt/m/n/10.95 (display-time-mode 1)               ;; Set clock on lower 
right side[] 
 []


Overfull \hbox (307.68777pt too wide) in paragraph at lines 531--531
[]\T1/cmtt/m/n/10.95 (electric-pair-mode t)              ;; Enable electric pai
r mode. It autocompletes certain pairs. E.g., (), {}, [], <>[] 
 []


Overfull \hbox (347.29637pt too wide) in paragraph at lines 531--531
[]\T1/cmtt/m/n/10.95 (global-subword-mode 1)             ;; Cause M-f to move f
orward per capitalization within a word. E.g., weStopAtEveryCapital[] 
 []


Overfull \hbox (375.58823pt too wide) in paragraph at lines 531--531
[]\T1/cmtt/m/n/10.95 (global-visual-line-mode 1)                ;; Make sure th
at lines do not disapear at the right side of the screen but wrap around[] 
 []


Overfull \hbox (160.57013pt too wide) in paragraph at lines 563--563
[]\T1/cmtt/m/n/10.95 ("DOING" . (:foreground "#05d3fc" :weight bold :box (:line
-width 2 :style released-button)))[] 
 []


Overfull \hbox (171.88687pt too wide) in paragraph at lines 563--563
[]\T1/cmtt/m/n/10.95 ("WAITING" . (:foreground "#fcca05" :weight bold :box (:li
ne-width 2 :style released-button)))[] 
 []


Overfull \hbox (177.54524pt too wide) in paragraph at lines 563--563
[]\T1/cmtt/m/n/10.95 ("FLEETING" . (:foreground "#f62af9" :weight bold :box (:l
ine-width 2 :style released-button)))[] 
 []


Overfull \hbox (177.54524pt too wide) in paragraph at lines 563--563
[]\T1/cmtt/m/n/10.95 ("LONGTERM" . (:foreground "#c4013c" :weight bold :box (:l
ine-width 2 :style released-button)))[] 
 []


Overfull \hbox (177.54524pt too wide) in paragraph at lines 563--563
[]\T1/cmtt/m/n/10.95 ("CANCELED" . (:foreground "#fc4205" :weight bold :box (:l
ine-width 2 :style released-button)))[] 
 []

[14]
Overfull \hbox (262.4208pt too wide) in paragraph at lines 563--563
[]      \T1/cmtt/m/n/10.95 '((sequence "TODO(t)" "DOING(d)" "WAITING(w)" "FLEET
ING(f)" "|" "LONGTERM(l)" "CANCELED(c)" "DONE(f)")))[] 
 []

[15]
Overfull \hbox (64.37782pt too wide) in paragraph at lines 632--632
[]  \T1/cmtt/m/n/10.95 (setq doom-themes-enable-bold t    ; if nil, bold is uni
versally disabled[] 
 []


Overfull \hbox (36.08597pt too wide) in paragraph at lines 632--632
[]\T1/cmtt/m/n/10.95 doom-themes-enable-italic t) ; if nil, italics is universa
lly disabled[] 
 []


Overfull \hbox (19.11086pt too wide) in paragraph at lines 632--632
[]  \T1/cmtt/m/n/10.95 ;; Enable custom neotree theme (all-the-icons must be in
stalled!)[] 
 []


Overfull \hbox (109.64479pt too wide) in paragraph at lines 632--632
[]  \T1/cmtt/m/n/10.95 (setq doom-themes-treemacs-theme "doom-colors") ; use th
e colorful treemacs theme[] 
 []

[16]
! Extra alignment tab has been changed to \cr.
<recently read> \endtemplate 
                             
l.656 VERT & This is a pipe sign &
                                   , it is described\\
? 
! Emergency stop.
<recently read> \endtemplate 
                             
l.656 VERT & This is a pipe sign &
                                   , it is described\\
End of file on the terminal!

 
Here is how much of TeX's memory you used:
 7060 strings out of 480608
 103120 string characters out of 5903631
 365316 words of memory out of 5000000
 22729 multiletter control sequences out of 15000+600000
 545130 words of font info for 58 fonts, out of 8000000 for 9000
 1141 hyphenation exceptions out of 8191
 34i,6n,31p,418b,457s stack positions out of 5000i,500n,10000p,200000b,80000s
!  ==> Fatal error occurred, no output PDF file produced!
